<?xml version="1.0" encoding="UTF-8"?>
<robot generator="Robot 7.2.2 (Python 3.12.8 on linux)" generated="2025-02-12T14:44:37.907376" rpa="false" schemaversion="5">
<suite id="s1" name="Tests" source="/workspaces/rbcn25-mastering-robotcode/tests">
<suite id="s1-s1" name="First" source="/workspaces/rbcn25-mastering-robotcode/tests/first.robot">
<test id="s1-s1-t1" name="first" line="10">
<kw name="New Browser" owner="Browser">
<msg time="2025-02-12T14:44:38.046073" level="INFO">{"browser": "chromium", "headless": true, "chromiumSandbox": false, "devtools": false, "handleSIGHUP": true, "handleSIGINT": true, "handleSIGTERM": true, "slowMo": 0.0, "timeout": 30000.0, "tracesDir": "/workspaces/rbcn25-mastering-robotcode/results/browser/traces/temp/0d4b37c6-5b19-4311-b9a9-4776cbc7b317"}</msg>
<msg time="2025-02-12T14:44:38.051862" level="INFO">Starting Browser process /home/devcontainer/.local/share/hatch/env/virtual/rbc25-demo/7oZHHRid/rbc25-demo/lib/python3.12/site-packages/Browser/wrapper/index.js using port 56789</msg>
<msg time="2025-02-12T14:44:38.052007" level="INFO">Node startup parameters: ['node', '/home/devcontainer/.local/share/hatch/env/virtual/rbc25-demo/7oZHHRid/rbc25-demo/lib/python3.12/site-packages/Browser/wrapper/index.js', '56789']</msg>
<msg time="2025-02-12T14:44:38.541968" level="INFO">Successfully created browser with options: {"browser":"chromium","headless":true,"chromiumSandbox":false,"devtools":false,"handleSIGHUP":true,"handleSIGINT":true,"handleSIGTERM":true,"slowMo":0,"timeout":30000,"tracesDir":"/workspaces/rbcn25-mastering-robotcode/results/browser/traces/temp/0d4b37c6-5b19-4311-b9a9-4776cbc7b317"}</msg>
<arg>${BROWSER}</arg>
<arg>${HEADLESS}</arg>
<tag>BrowserControl</tag>
<tag>Setter</tag>
<doc>Create a new playwright Browser with specified options.</doc>
<status status="PASS" start="2025-02-12T14:44:38.045213" elapsed="0.497235"/>
</kw>
<kw name="New Page" owner="Browser">
<msg time="2025-02-12T14:44:38.692417" level="INFO">Successfully initialized new page object and opened url: localhost:3000</msg>
<msg time="2025-02-12T14:44:38.692781" level="INFO">No context was open. New context was automatically opened when this page is created.</msg>
<arg>${APP_URL}</arg>
<tag>BrowserControl</tag>
<tag>Setter</tag>
<doc>Open a new Page.</doc>
<status status="PASS" start="2025-02-12T14:44:38.542958" elapsed="0.150172"/>
</kw>
<kw name="Type Text" owner="Browser">
<msg time="2025-02-12T14:44:38.694823" level="INFO">Types the text 'do something' in the given field.</msg>
<arg>input[id="todo-input"]</arg>
<arg>do something</arg>
<tag>PageContent</tag>
<tag>Setter</tag>
<doc>Types the given ``txt`` into the text field found by ``selector``.</doc>
<status status="PASS" start="2025-02-12T14:44:38.694052" elapsed="0.052548"/>
</kw>
<kw name="Click" owner="Browser">
<msg time="2025-02-12T14:44:38.747565" level="INFO">Clicks the element 'button[id="add-todo-button"]'.</msg>
<arg>button[id="add-todo-button"]</arg>
<tag>PageContent</tag>
<tag>Setter</tag>
<doc>Simulates mouse click on the element found by ``selector``.</doc>
<status status="PASS" start="2025-02-12T14:44:38.746967" elapsed="0.047786"/>
</kw>
<kw name="Take Screenshot" owner="Browser">
<msg time="2025-02-12T14:44:38.878485" level="INFO" html="true">&lt;/td&gt;&lt;/tr&gt;&lt;tr&gt;&lt;td colspan="3"&gt;&lt;a href="browser/screenshot/robotframework-browser-screenshot-1.png" target="_blank"&gt;&lt;img src="browser/screenshot/robotframework-browser-screenshot-1.png" width="800px"/&gt;&lt;/a&gt;</msg>
<tag>PageContent</tag>
<doc>Takes a screenshot of the current window or element and saves it to disk.</doc>
<status status="PASS" start="2025-02-12T14:44:38.795124" elapsed="0.083735"/>
</kw>
<msg time="2025-02-12T14:44:38.882491" level="INFO">Set timeout to: 10000</msg>
<msg time="2025-02-12T14:44:38.892881" level="INFO">Switching context to context=e0979101-9733-40be-98dc-a92d7343f963 in CURRENT</msg>
<msg time="2025-02-12T14:44:38.897770" level="INFO">Successfully changed active context: context=e0979101-9733-40be-98dc-a92d7343f963</msg>
<msg time="2025-02-12T14:44:38.905051" level="INFO">Successfully closed Context</msg>
<status status="PASS" start="2025-02-12T14:44:38.043865" elapsed="0.835551"/>
</test>
<status status="PASS" start="2025-02-12T14:44:37.927397" elapsed="0.978815"/>
</suite>
<status status="PASS" start="2025-02-12T14:44:37.910029" elapsed="1.000428"/>
</suite>
<statistics>
<total>
<stat pass="1" fail="0" skip="0">All Tests</stat>
</total>
<tag>
</tag>
<suite>
<stat name="Tests" id="s1" pass="1" fail="0" skip="0">Tests</stat>
<stat name="First" id="s1-s1" pass="1" fail="0" skip="0">Tests.First</stat>
</suite>
</statistics>
<errors>
</errors>
</robot>
